# JRE version: OpenJDK Runtime Environment Temurin-21.0.10+7 (21.0.10+7) (build 21.0.10+7-LTS)
# Java VM: OpenJDK 64-Bit Server VM Temurin-21.0.10+7 (21.0.10+7-LTS, mixed mode, sharing, tiered, compressed oops, compressed class ptrs, parallel gc, windows-amd64)
GC Precious Log:
 CardTable entry size: 512
 CPUs: 2 total, 2 available
 Memory: 7998M
 Large Page Support: Disabled
 NUMA Support: Disabled
 Compressed Oops: Enabled (32-bit)
 Alignments: Space 512K, Generation 512K, Heap 2M
 Heap Min Capacity: 100M
 Heap Initial Capacity: 100M
 Heap Max Capacity: 2G
 Pre-touch: Disabled
 Parallel Workers: 2
Heap:
 PSYoungGen      total 3072K, used 210K [0x00000000d5580000, 0x00000000d5a80000, 0x0000000100000000)
  eden space 2560K, 4% used [0x00000000d5580000,0x00000000d559a928,0x00000000d5800000)
  from space 512K, 20% used [0x00000000d5a00000,0x00000000d5a1a0d0,0x00000000d5a80000)
  to   space 512K, 0% used [0x00000000d5980000,0x00000000d5980000,0x00000000d5a00000)
 ParOldGen       total 381440K, used 381311K [0x0000000080000000, 0x0000000097480000, 0x00000000d5580000)
  object space 381440K, 99% used [0x0000000080000000,0x000000009745ff90,0x0000000097480000)
 Metaspace       used 92787K, committed 94656K, reserved 1179648K
  class space    used 10383K, committed 11264K, reserved 1048576K
GC Heap History (20 events):
Event: 1155.364 GC heap before
{Heap before GC invocations=945 (full 4):
 PSYoungGen      total 3072K, used 2624K [0x00000000d5580000, 0x00000000d5b00000, 0x0000000100000000)
  eden space 2560K, 100% used [0x00000000d5580000,0x00000000d5800000,0x00000000d5800000)
  from space 512K, 12% used [0x00000000d5a80000,0x00000000d5a90000,0x00000000d5b00000)
  to   space 512K, 0% used [0x00000000d5a00000,0x00000000d5a00000,0x00000000d5a80000)
 ParOldGen       total 378880K, used 378608K [0x0000000080000000, 0x0000000097200000, 0x00000000d5580000)
  object space 378880K, 99% used [0x0000000080000000,0x00000000971bc2b0,0x0000000097200000)
 Metaspace       used 92734K, committed 94592K, reserved 1179648K
  class space    used 10382K, committed 11264K, reserved 1048576K
}
Event: 1155.368 GC heap after
{Heap after GC invocations=945 (full 4):
 PSYoungGen      total 3072K, used 486K [0x00000000d5580000, 0x00000000d5b00000, 0x0000000100000000)
  eden space 2560K, 0% used [0x00000000d5580000,0x00000000d5580000,0x00000000d5800000)
  from space 512K, 95% used [0x00000000d5a00000,0x00000000d5a799b0,0x00000000d5a80000)
  to   space 512K, 0% used [0x00000000d5a80000,0x00000000d5a80000,0x00000000d5b00000)
 ParOldGen       total 379392K, used 379288K [0x0000000080000000, 0x0000000097280000, 0x00000000d5580000)
  object space 379392K, 99% used [0x0000000080000000,0x00000000972662b0,0x0000000097280000)
 Metaspace       used 92734K, committed 94592K, reserved 1179648K
  class space    used 10382K, committed 11264K, reserved 1048576K
}
Event: 1155.380 GC heap before
{Heap before GC invocations=946 (full 4):
 PSYoungGen      total 3072K, used 3046K [0x00000000d5580000, 0x00000000d5b00000, 0x0000000100000000)
  eden space 2560K, 100% used [0x00000000d5580000,0x00000000d5800000,0x00000000d5800000)
  from space 512K, 95% used [0x00000000d5a00000,0x00000000d5a799b0,0x00000000d5a80000)
  to   space 512K, 0% used [0x00000000d5a80000,0x00000000d5a80000,0x00000000d5b00000)
 ParOldGen       total 379392K, used 379288K [0x0000000080000000, 0x0000000097280000, 0x00000000d5580000)
  object space 379392K, 99% used [0x0000000080000000,0x00000000972662b0,0x0000000097280000)
 Metaspace       used 92734K, committed 94592K, reserved 1179648K
  class space    used 10382K, committed 11264K, reserved 1048576K
}
Event: 1155.383 GC heap after
{Heap after GC invocations=946 (full 4):
 PSYoungGen      total 3072K, used 214K [0x00000000d5580000, 0x00000000d5b00000, 0x0000000100000000)
  eden space 2560K, 0% used [0x00000000d5580000,0x00000000d5580000,0x00000000d5800000)
  from space 512K, 41% used [0x00000000d5a80000,0x00000000d5ab58a0,0x00000000d5b00000)
  to   space 1024K, 0% used [0x00000000d5900000,0x00000000d5900000,0x00000000d5a00000)
 ParOldGen       total 379392K, used 379368K [0x0000000080000000, 0x0000000097280000, 0x00000000d5580000)
  object space 379392K, 99% used [0x0000000080000000,0x000000009727a2d0,0x0000000097280000)
 Metaspace       used 92734K, committed 94592K, reserved 1179648K
  class space    used 10382K, committed 11264K, reserved 1048576K
}
Event: 1155.406 GC heap before
{Heap before GC invocations=947 (full 4):
 PSYoungGen      total 3072K, used 2774K [0x00000000d5580000, 0x00000000d5b00000, 0x0000000100000000)
  eden space 2560K, 100% used [0x00000000d5580000,0x00000000d5800000,0x00000000d5800000)
  from space 512K, 41% used [0x00000000d5a80000,0x00000000d5ab58a0,0x00000000d5b00000)
  to   space 1024K, 0% used [0x00000000d5900000,0x00000000d5900000,0x00000000d5a00000)
 ParOldGen       total 379392K, used 379368K [0x0000000080000000, 0x0000000097280000, 0x00000000d5580000)
  object space 379392K, 99% used [0x0000000080000000,0x000000009727a2d0,0x0000000097280000)
 Metaspace       used 92736K, committed 94656K, reserved 1179648K
  class space    used 10383K, committed 11264K, reserved 1048576K
}
Event: 1155.413 GC heap after
{Heap after GC invocations=947 (full 4):
 PSYoungGen      total 3584K, used 816K [0x00000000d5580000, 0x00000000d5b00000, 0x0000000100000000)
  eden space 2560K, 0% used [0x00000000d5580000,0x00000000d5580000,0x00000000d5800000)
  from space 1024K, 79% used [0x00000000d5900000,0x00000000d59cc010,0x00000000d5a00000)
  to   space 1024K, 0% used [0x00000000d5a00000,0x00000000d5a00000,0x00000000d5b00000)
 ParOldGen       total 379904K, used 379506K [0x0000000080000000, 0x0000000097300000, 0x00000000d5580000)
  object space 379904K, 99% used [0x0000000080000000,0x000000009729c9e0,0x0000000097300000)
 Metaspace       used 92736K, committed 94656K, reserved 1179648K
  class space    used 10383K, committed 11264K, reserved 1048576K
}
Event: 1155.454 GC heap before
{Heap before GC invocations=948 (full 4):
 PSYoungGen      total 3584K, used 3376K [0x00000000d5580000, 0x00000000d5b00000, 0x0000000100000000)
  eden space 2560K, 100% used [0x00000000d5580000,0x00000000d5800000,0x00000000d5800000)
  from space 1024K, 79% used [0x00000000d5900000,0x00000000d59cc010,0x00000000d5a00000)
  to   space 1024K, 0% used [0x00000000d5a00000,0x00000000d5a00000,0x00000000d5b00000)
 ParOldGen       total 379904K, used 379506K [0x0000000080000000, 0x0000000097300000, 0x00000000d5580000)
  object space 379904K, 99% used [0x0000000080000000,0x000000009729c9e0,0x0000000097300000)
 Metaspace       used 92741K, committed 94656K, reserved 1179648K
  class space    used 10383K, committed 11264K, reserved 1048576K
}
Event: 1155.459 GC heap after
{Heap after GC invocations=948 (full 4):
 PSYoungGen      total 3072K, used 448K [0x00000000d5580000, 0x00000000d5a80000, 0x0000000100000000)
  eden space 2560K, 0% used [0x00000000d5580000,0x00000000d5580000,0x00000000d5800000)
  from space 512K, 87% used [0x00000000d5a00000,0x00000000d5a70000,0x00000000d5a80000)
  to   space 1024K, 0% used [0x00000000d5880000,0x00000000d5880000,0x00000000d5980000)
 ParOldGen       total 380416K, used 380306K [0x0000000080000000, 0x0000000097380000, 0x00000000d5580000)
  object space 380416K, 99% used [0x0000000080000000,0x0000000097364a20,0x0000000097380000)
 Metaspace       used 92741K, committed 94656K, reserved 1179648K
  class space    used 10383K, committed 11264K, reserved 1048576K
}
Event: 1160.520 GC heap before
{Heap before GC invocations=949 (full 4):
 PSYoungGen      total 3072K, used 3008K [0x00000000d5580000, 0x00000000d5a80000, 0x0000000100000000)
  eden space 2560K, 100% used [0x00000000d5580000,0x00000000d5800000,0x00000000d5800000)
  from space 512K, 87% used [0x00000000d5a00000,0x00000000d5a70000,0x00000000d5a80000)
  to   space 1024K, 0% used [0x00000000d5880000,0x00000000d5880000,0x00000000d5980000)
 ParOldGen       total 380416K, used 380306K [0x0000000080000000, 0x0000000097380000, 0x00000000d5580000)
  object space 380416K, 99% used [0x0000000080000000,0x0000000097364a20,0x0000000097380000)
 Metaspace       used 92741K, committed 94656K, reserved 1179648K
  class space    used 10383K, committed 11264K, reserved 1048576K
}
Event: 1160.524 GC heap after
{Heap after GC invocations=949 (full 4):
 PSYoungGen      total 3584K, used 64K [0x00000000d5580000, 0x00000000d5a80000, 0x0000000100000000)
  eden space 2560K, 0% used [0x00000000d5580000,0x00000000d5580000,0x00000000d5800000)
  from space 1024K, 6% used [0x00000000d5880000,0x00000000d5890000,0x00000000d5980000)
  to   space 512K, 0% used [0x00000000d5a00000,0x00000000d5a00000,0x00000000d5a80000)
 ParOldGen       total 380928K, used 380714K [0x0000000080000000, 0x0000000097400000, 0x00000000d5580000)
  object space 380928K, 99% used [0x0000000080000000,0x00000000973caa20,0x0000000097400000)
 Metaspace       used 92741K, committed 94656K, reserved 1179648K
  class space    used 10383K, committed 11264K, reserved 1048576K
}
Event: 1160.594 GC heap before
{Heap before GC invocations=950 (full 4):
 PSYoungGen      total 3584K, used 2623K [0x00000000d5580000, 0x00000000d5a80000, 0x0000000100000000)
  eden space 2560K, 99% used [0x00000000d5580000,0x00000000d57fffe8,0x00000000d5800000)
  from space 1024K, 6% used [0x00000000d5880000,0x00000000d5890000,0x00000000d5980000)
  to   space 512K, 0% used [0x00000000d5a00000,0x00000000d5a00000,0x00000000d5a80000)
 ParOldGen       total 380928K, used 380714K [0x0000000080000000, 0x0000000097400000, 0x00000000d5580000)
  object space 380928K, 99% used [0x0000000080000000,0x00000000973caa20,0x0000000097400000)
 Metaspace       used 92742K, committed 94656K, reserved 1179648K
  class space    used 10383K, committed 11264K, reserved 1048576K
}
Event: 1160.596 GC heap after
{Heap after GC invocations=950 (full 4):
 PSYoungGen      total 3072K, used 64K [0x00000000d5580000, 0x00000000d5a80000, 0x0000000100000000)
  eden space 2560K, 0% used [0x00000000d5580000,0x00000000d5580000,0x00000000d5800000)
  from space 512K, 12% used [0x00000000d5a00000,0x00000000d5a10000,0x00000000d5a80000)
  to   space 512K, 0% used [0x00000000d5980000,0x00000000d5980000,0x00000000d5a00000)
 ParOldGen       total 380928K, used 380730K [0x0000000080000000, 0x0000000097400000, 0x00000000d5580000)
  object space 380928K, 99% used [0x0000000080000000,0x00000000973cea20,0x0000000097400000)
 Metaspace       used 92742K, committed 94656K, reserved 1179648K
  class space    used 10383K, committed 11264K, reserved 1048576K
}
Event: 1161.057 GC heap before
{Heap before GC invocations=951 (full 4):
 PSYoungGen      total 3072K, used 2624K [0x00000000d5580000, 0x00000000d5a80000, 0x0000000100000000)
  eden space 2560K, 100% used [0x00000000d5580000,0x00000000d5800000,0x00000000d5800000)
  from space 512K, 12% used [0x00000000d5a00000,0x00000000d5a10000,0x00000000d5a80000)
  to   space 512K, 0% used [0x00000000d5980000,0x00000000d5980000,0x00000000d5a00000)
 ParOldGen       total 380928K, used 380730K [0x0000000080000000, 0x0000000097400000, 0x00000000d5580000)
  object space 380928K, 99% used [0x0000000080000000,0x00000000973cea20,0x0000000097400000)
 Metaspace       used 92742K, committed 94656K, reserved 1179648K
  class space    used 10383K, committed 11264K, reserved 1048576K
}
Event: 1161.061 GC heap after
{Heap after GC invocations=951 (full 4):
 PSYoungGen      total 3072K, used 496K [0x00000000d5580000, 0x00000000d5a80000, 0x0000000100000000)
  eden space 2560K, 0% used [0x00000000d5580000,0x00000000d5580000,0x00000000d5800000)
  from space 512K, 96% used [0x00000000d5980000,0x00000000d59fc1c0,0x00000000d5a00000)
  to   space 512K, 0% used [0x00000000d5a00000,0x00000000d5a00000,0x00000000d5a80000)
 ParOldGen       total 380928K, used 380754K [0x0000000080000000, 0x0000000097400000, 0x00000000d5580000)
  object space 380928K, 99% used [0x0000000080000000,0x00000000973d4a20,0x0000000097400000)
 Metaspace       used 92742K, committed 94656K, reserved 1179648K
  class space    used 10383K, committed 11264K, reserved 1048576K
}
Event: 1161.557 GC heap before
{Heap before GC invocations=952 (full 4):
 PSYoungGen      total 3072K, used 3056K [0x00000000d5580000, 0x00000000d5a80000, 0x0000000100000000)
  eden space 2560K, 99% used [0x00000000d5580000,0x00000000d57ffff8,0x00000000d5800000)
  from space 512K, 96% used [0x00000000d5980000,0x00000000d59fc1c0,0x00000000d5a00000)
  to   space 512K, 0% used [0x00000000d5a00000,0x00000000d5a00000,0x00000000d5a80000)
 ParOldGen       total 380928K, used 380754K [0x0000000080000000, 0x0000000097400000, 0x00000000d5580000)
  object space 380928K, 99% used [0x0000000080000000,0x00000000973d4a20,0x0000000097400000)
 Metaspace       used 92773K, committed 94656K, reserved 1179648K
  class space    used 10383K, committed 11264K, reserved 1048576K
}
Event: 1161.563 GC heap after
{Heap after GC invocations=952 (full 4):
 PSYoungGen      total 3072K, used 64K [0x00000000d5580000, 0x00000000d5a80000, 0x0000000100000000)
  eden space 2560K, 0% used [0x00000000d5580000,0x00000000d5580000,0x00000000d5800000)
  from space 512K, 12% used [0x00000000d5a00000,0x00000000d5a10000,0x00000000d5a80000)
  to   space 512K, 0% used [0x00000000d5980000,0x00000000d5980000,0x00000000d5a00000)
 ParOldGen       total 380928K, used 380762K [0x0000000080000000, 0x0000000097400000, 0x00000000d5580000)
  object space 380928K, 99% used [0x0000000080000000,0x00000000973d6a20,0x0000000097400000)
 Metaspace       used 92773K, committed 94656K, reserved 1179648K
  class space    used 10383K, committed 11264K, reserved 1048576K
}
Event: 1184.307 GC heap before
{Heap before GC invocations=953 (full 4):
 PSYoungGen      total 3072K, used 2598K [0x00000000d5580000, 0x00000000d5a80000, 0x0000000100000000)
  eden space 2560K, 99% used [0x00000000d5580000,0x00000000d57f99a8,0x00000000d5800000)
  from space 512K, 12% used [0x00000000d5a00000,0x00000000d5a10000,0x00000000d5a80000)
  to   space 512K, 0% used [0x00000000d5980000,0x00000000d5980000,0x00000000d5a00000)
 ParOldGen       total 380928K, used 380762K [0x0000000080000000, 0x0000000097400000, 0x00000000d5580000)
  object space 380928K, 99% used [0x0000000080000000,0x00000000973d6a20,0x0000000097400000)
 Metaspace       used 92787K, committed 94656K, reserved 1179648K
  class space    used 10383K, committed 11264K, reserved 1048576K
}
Event: 1184.311 GC heap after
{Heap after GC invocations=953 (full 4):
 PSYoungGen      total 3072K, used 496K [0x00000000d5580000, 0x00000000d5a80000, 0x0000000100000000)
  eden space 2560K, 0% used [0x00000000d5580000,0x00000000d5580000,0x00000000d5800000)
  from space 512K, 96% used [0x00000000d5980000,0x00000000d59fc1c0,0x00000000d5a00000)
  to   space 512K, 0% used [0x00000000d5a00000,0x00000000d5a00000,0x00000000d5a80000)
 ParOldGen       total 380928K, used 380866K [0x0000000080000000, 0x0000000097400000, 0x00000000d5580000)
  object space 380928K, 99% used [0x0000000080000000,0x00000000973f0a20,0x0000000097400000)
 Metaspace       used 92787K, committed 94656K, reserved 1179648K
  class space    used 10383K, committed 11264K, reserved 1048576K
}
Event: 1190.282 GC heap before
{Heap before GC invocations=954 (full 4):
 PSYoungGen      total 3072K, used 3056K [0x00000000d5580000, 0x00000000d5a80000, 0x0000000100000000)
  eden space 2560K, 100% used [0x00000000d5580000,0x00000000d5800000,0x00000000d5800000)
  from space 512K, 96% used [0x00000000d5980000,0x00000000d59fc1c0,0x00000000d5a00000)
  to   space 512K, 0% used [0x00000000d5a00000,0x00000000d5a00000,0x00000000d5a80000)
 ParOldGen       total 380928K, used 380866K [0x0000000080000000, 0x0000000097400000, 0x00000000d5580000)
  object space 380928K, 99% used [0x0000000080000000,0x00000000973f0a20,0x0000000097400000)
 Metaspace       used 92787K, committed 94656K, reserved 1179648K
  class space    used 10383K, committed 11264K, reserved 1048576K
}
Event: 1190.285 GC heap after
{Heap after GC invocations=954 (full 4):
 PSYoungGen      total 3072K, used 104K [0x00000000d5580000, 0x00000000d5a80000, 0x0000000100000000)
  eden space 2560K, 0% used [0x00000000d5580000,0x00000000d5580000,0x00000000d5800000)
  from space 512K, 20% used [0x00000000d5a00000,0x00000000d5a1a0d0,0x00000000d5a80000)
  to   space 512K, 0% used [0x00000000d5980000,0x00000000d5980000,0x00000000d5a00000)
 ParOldGen       total 381440K, used 381311K [0x0000000080000000, 0x0000000097480000, 0x00000000d5580000)
  object space 381440K, 99% used [0x0000000080000000,0x000000009745ff90,0x0000000097480000)
 Metaspace       used 92787K, committed 94656K, reserved 1179648K
  class space    used 10383K, committed 11264K, reserved 1048576K
}

