# JRE version: Java(TM) SE Runtime Environment (21.0.4+8) (build 21.0.4+8-LTS-274)
# Java VM: Java HotSpot(TM) 64-Bit Server VM (21.0.4+8-LTS-274, mixed mode, sharing, tiered, compressed oops, compressed class ptrs, g1 gc, windows-amd64)
GC Precious Log:
 CardTable entry size: 512
 Card Set container configuration: InlinePtr #cards 5 size 8 Array Of Cards #cards 12 size 40 Howl #buckets 4 coarsen threshold 1843 Howl Bitmap #cards 512 size 80 coarsen threshold 460 Card regions per heap region 1 cards per card region 2048
 CPUs: 2 total, 2 available
 Memory: 7998M
 Large Page Support: Disabled
 NUMA Support: Disabled
 Compressed Oops: Enabled (32-bit)
 Heap Region Size: 1M
 Heap Min Capacity: 8M
 Heap Initial Capacity: 126M
 Heap Max Capacity: 2G
 Pre-touch: Disabled
 Parallel Workers: 2
 Concurrent Workers: 1
 Concurrent Refinement Workers: 2
 Periodic GC: Disabled
Heap:
 garbage-first heap   total 315392K, used 153600K [0x0000000080000000, 0x0000000100000000)
  region size 1024K, 4 young (4096K), 2 survivors (2048K)
 Metaspace       used 148101K, committed 151552K, reserved 1179648K
  class space    used 18969K, committed 20928K, reserved 1048576K
GC Heap History (20 events):
Event: 1904.775 GC heap before
{Heap before GC invocations=64 (full 0):
 garbage-first heap   total 281600K, used 233984K [0x0000000080000000, 0x0000000100000000)
  region size 1024K, 71 young (72704K), 12 survivors (12288K)
 Metaspace       used 148699K, committed 151360K, reserved 1179648K
  class space    used 19601K, committed 20928K, reserved 1048576K
}
Event: 1904.805 GC heap after
{Heap after GC invocations=65 (full 0):
 garbage-first heap   total 281600K, used 171008K [0x0000000080000000, 0x0000000100000000)
  region size 1024K, 4 young (4096K), 4 survivors (4096K)
 Metaspace       used 148699K, committed 151360K, reserved 1179648K
  class space    used 19601K, committed 20928K, reserved 1048576K
}
Event: 1907.654 GC heap before
{Heap before GC invocations=66 (full 0):
 garbage-first heap   total 291840K, used 254976K [0x0000000080000000, 0x0000000100000000)
  region size 1024K, 84 young (86016K), 4 survivors (4096K)
 Metaspace       used 147434K, committed 151424K, reserved 1179648K
  class space    used 19181K, committed 20928K, reserved 1048576K
}
Event: 1907.690 GC heap after
{Heap after GC invocations=67 (full 0):
 garbage-first heap   total 291840K, used 178688K [0x0000000080000000, 0x0000000100000000)
  region size 1024K, 11 young (11264K), 11 survivors (11264K)
 Metaspace       used 147434K, committed 151424K, reserved 1179648K
  class space    used 19181K, committed 20928K, reserved 1048576K
}
Event: 1910.691 GC heap before
{Heap before GC invocations=67 (full 0):
 garbage-first heap   total 291840K, used 263680K [0x0000000080000000, 0x0000000100000000)
  region size 1024K, 93 young (95232K), 11 survivors (11264K)
 Metaspace       used 147760K, committed 151488K, reserved 1179648K
  class space    used 19188K, committed 20928K, reserved 1048576K
}
Event: 1910.745 GC heap after
{Heap after GC invocations=68 (full 0):
 garbage-first heap   total 291840K, used 165371K [0x0000000080000000, 0x0000000100000000)
  region size 1024K, 6 young (6144K), 6 survivors (6144K)
 Metaspace       used 147760K, committed 151488K, reserved 1179648K
  class space    used 19188K, committed 20928K, reserved 1048576K
}
Event: 1912.784 GC heap before
{Heap before GC invocations=68 (full 0):
 garbage-first heap   total 291840K, used 179707K [0x0000000080000000, 0x0000000100000000)
  region size 1024K, 22 young (22528K), 6 survivors (6144K)
 Metaspace       used 147821K, committed 151488K, reserved 1179648K
  class space    used 19188K, committed 20928K, reserved 1048576K
}
Event: 1912.800 GC heap after
{Heap after GC invocations=69 (full 0):
 garbage-first heap   total 291840K, used 165248K [0x0000000080000000, 0x0000000100000000)
  region size 1024K, 6 young (6144K), 6 survivors (6144K)
 Metaspace       used 147821K, committed 151488K, reserved 1179648K
  class space    used 19188K, committed 20928K, reserved 1048576K
}
Event: 2044.946 GC heap before
{Heap before GC invocations=70 (full 0):
 garbage-first heap   total 291840K, used 286080K [0x0000000080000000, 0x0000000100000000)
  region size 1024K, 100 young (102400K), 6 survivors (6144K)
 Metaspace       used 147716K, committed 151296K, reserved 1179648K
  class space    used 19127K, committed 20928K, reserved 1048576K
}
Event: 2044.982 GC heap after
{Heap after GC invocations=71 (full 0):
 garbage-first heap   total 297984K, used 163328K [0x0000000080000000, 0x0000000100000000)
  region size 1024K, 10 young (10240K), 10 survivors (10240K)
 Metaspace       used 147716K, committed 151296K, reserved 1179648K
  class space    used 19127K, committed 20928K, reserved 1048576K
}
Event: 2055.990 GC heap before
{Heap before GC invocations=71 (full 0):
 garbage-first heap   total 297984K, used 274944K [0x0000000080000000, 0x0000000100000000)
  region size 1024K, 114 young (116736K), 10 survivors (10240K)
 Metaspace       used 148332K, committed 151488K, reserved 1179648K
  class space    used 19148K, committed 20928K, reserved 1048576K
}
Event: 2056.075 GC heap after
{Heap after GC invocations=72 (full 0):
 garbage-first heap   total 307200K, used 178176K [0x0000000080000000, 0x0000000100000000)
  region size 1024K, 15 young (15360K), 15 survivors (15360K)
 Metaspace       used 148332K, committed 151488K, reserved 1179648K
  class space    used 19148K, committed 20928K, reserved 1048576K
}
Event: 2057.794 GC heap before
{Heap before GC invocations=72 (full 0):
 garbage-first heap   total 307200K, used 200704K [0x0000000080000000, 0x0000000100000000)
  region size 1024K, 38 young (38912K), 15 survivors (15360K)
 Metaspace       used 148407K, committed 151552K, reserved 1179648K
  class space    used 19148K, committed 20928K, reserved 1048576K
}
Event: 2057.820 GC heap after
{Heap after GC invocations=73 (full 0):
 garbage-first heap   total 307200K, used 171520K [0x0000000080000000, 0x0000000100000000)
  region size 1024K, 2 young (2048K), 2 survivors (2048K)
 Metaspace       used 148407K, committed 151552K, reserved 1179648K
  class space    used 19148K, committed 20928K, reserved 1048576K
}
Event: 2063.330 GC heap before
{Heap before GC invocations=74 (full 0):
 garbage-first heap   total 307200K, used 301568K [0x0000000080000000, 0x0000000100000000)
  region size 1024K, 102 young (104448K), 2 survivors (2048K)
 Metaspace       used 147838K, committed 151552K, reserved 1179648K
  class space    used 18969K, committed 20928K, reserved 1048576K
}
Event: 2063.352 GC heap after
{Heap after GC invocations=75 (full 0):
 garbage-first heap   total 309248K, used 173981K [0x0000000080000000, 0x0000000100000000)
  region size 1024K, 6 young (6144K), 6 survivors (6144K)
 Metaspace       used 147838K, committed 151552K, reserved 1179648K
  class space    used 18969K, committed 20928K, reserved 1048576K
}
Event: 2066.145 GC heap before
{Heap before GC invocations=75 (full 0):
 garbage-first heap   total 309248K, used 279453K [0x0000000080000000, 0x0000000100000000)
  region size 1024K, 109 young (111616K), 6 survivors (6144K)
 Metaspace       used 147911K, committed 151552K, reserved 1179648K
  class space    used 18969K, committed 20928K, reserved 1048576K
}
Event: 2066.260 GC heap after
{Heap after GC invocations=76 (full 0):
 garbage-first heap   total 309248K, used 161280K [0x0000000080000000, 0x0000000100000000)
  region size 1024K, 13 young (13312K), 13 survivors (13312K)
 Metaspace       used 147911K, committed 151552K, reserved 1179648K
  class space    used 18969K, committed 20928K, reserved 1048576K
}
Event: 3342.234 GC heap before
{Heap before GC invocations=76 (full 0):
 garbage-first heap   total 309248K, used 307712K [0x0000000080000000, 0x0000000100000000)
  region size 1024K, 125 young (128000K), 13 survivors (13312K)
 Metaspace       used 148098K, committed 151552K, reserved 1179648K
  class space    used 18969K, committed 20928K, reserved 1048576K
}
Event: 3342.254 GC heap after
{Heap after GC invocations=77 (full 0):
 garbage-first heap   total 315392K, used 152576K [0x0000000080000000, 0x0000000100000000)
  region size 1024K, 2 young (2048K), 2 survivors (2048K)
 Metaspace       used 148098K, committed 151552K, reserved 1179648K
  class space    used 18969K, committed 20928K, reserved 1048576K
}

